<?xml version="1.0" encoding="UTF-8"?>
<!-- Generated by org.testng.reporters.JUnitReportReporter -->
<testsuite hostname="DESKTOP-OV1PHEL" failures="0" tests="1" name="com.BankingProject.TestClass.Login_test" time="11.662" errors="0" timestamp="2022-10-14T23:32:04 IST" skipped="0">
  <testcase classname="com.BankingProject.TestClass.Login_test" name="LoginTest" time="11.662"/>
  <system-out/>
</testsuite> <!-- com.BankingProject.TestClass.Login_test -->
